<?xml version="1.0" encoding="UTF-8"?>
<!-- Generated by org.testng.reporters.JUnitReportReporter -->
<testsuite hostname="ADMIN" failures="0" tests="1" name="com.TestNG.Group.Car_loan" time="0.010" errors="0" timestamp="2022-08-25T01:35:29 IST" skipped="0">
  <testcase classname="com.TestNG.Group.Car_loan" name="APILoginCarLoan" time="0.010"/>
  <system-out/>
</testsuite> <!-- com.TestNG.Group.Car_loan -->
