<?xml version="1.0" encoding="UTF-8"?>
<!-- Generated by org.testng.reporters.JUnitReportReporter -->
<testsuite hostname="ADMIN" failures="0" tests="5" name="TestNG.TestngPriority" time="0.104" errors="0" timestamp="2022-08-25T01:47:20 IST" skipped="0">
  <testcase classname="TestNG.TestngPriority" name="e_method" time="0.034"/>
  <system-out/>
  <testcase classname="TestNG.TestngPriority" name="a_method" time="0.008"/>
  <system-out/>
  <testcase classname="TestNG.TestngPriority" name="d_method" time="0.008"/>
  <system-out/>
  <testcase classname="TestNG.TestngPriority" name="c_method" time="0.043"/>
  <system-out/>
  <testcase classname="TestNG.TestngPriority" name="b_method" time="0.011"/>
  <system-out/>
</testsuite> <!-- TestNG.TestngPriority -->
