<?xml version="1.0" encoding="UTF-8"?>
<!-- Generated by org.testng.reporters.JUnitReportReporter -->
<testsuite hostname="ADMIN" failures="0" tests="1" name="TestNG.TestNGAnotetion" time="0.183" errors="0" timestamp="2022-08-24T23:56:44 IST" skipped="0">
  <testcase classname="TestNG.TestNGAnotetion" name="afterMethod" time="0.183"/>
  <system-out>
    <![CDATA[afterMethod]]>
  </system-out>
</testsuite> <!-- TestNG.TestNGAnotetion -->
