<?xml version="1.0" encoding="UTF-8"?>
<!-- Generated by org.testng.reporters.JUnitReportReporter -->
<testsuite hostname="ADMIN" failures="0" tests="3" name="CrossBrowserTesting.CrossBrowserTestingDemo" time="266.438" errors="0" timestamp="2022-08-25T09:12:18 IST" skipped="0">
  <testcase classname="CrossBrowserTesting.CrossBrowserTestingDemo" name="verifyTitel" time="126.274"/>
  <system-out/>
  <testcase classname="CrossBrowserTesting.CrossBrowserTestingDemo" name="verifyTitel" time="86.508"/>
  <system-out/>
  <testcase classname="CrossBrowserTesting.CrossBrowserTestingDemo" name="verifyTitel" time="53.656"/>
  <system-out/>
</testsuite> <!-- CrossBrowserTesting.CrossBrowserTestingDemo -->
