<?xml version="1.0" encoding="UTF-8"?>
<!-- Generated by org.testng.reporters.JUnitReportReporter -->
<testsuite hostname="ADMIN" failures="0" tests="20" name="TestNG.TestngInvocationCount" time="0.179" errors="0" timestamp="2022-08-25T01:44:25 IST" skipped="0">
  <testcase classname="TestNG.TestngInvocationCount" name="testcase2" time="0.007"/>
  <system-out/>
  <testcase classname="TestNG.TestngInvocationCount" name="testcase2" time="0.007"/>
  <system-out/>
  <testcase classname="TestNG.TestngInvocationCount" name="testcase1" time="0.038"/>
  <system-out/>
  <testcase classname="TestNG.TestngInvocationCount" name="testcase2" time="0.004"/>
  <system-out/>
  <testcase classname="TestNG.TestngInvocationCount" name="testcase1" time="0.002"/>
  <system-out/>
  <testcase classname="TestNG.TestngInvocationCount" name="testcase1" time="0.016"/>
  <system-out/>
  <testcase classname="TestNG.TestngInvocationCount" name="testcase2" time="0.002"/>
  <system-out/>
  <testcase classname="TestNG.TestngInvocationCount" name="testcase1" time="0.011"/>
  <system-out/>
  <testcase classname="TestNG.TestngInvocationCount" name="testcase2" time="0.009"/>
  <system-out/>
  <testcase classname="TestNG.TestngInvocationCount" name="testcase1" time="0.007"/>
  <system-out/>
  <testcase classname="TestNG.TestngInvocationCount" name="testcase2" time="0.003"/>
  <system-out/>
  <testcase classname="TestNG.TestngInvocationCount" name="testcase1" time="0.023"/>
  <system-out/>
  <testcase classname="TestNG.TestngInvocationCount" name="testcase1" time="0.010"/>
  <system-out/>
  <testcase classname="TestNG.TestngInvocationCount" name="testcase2" time="0.003"/>
  <system-out/>
  <testcase classname="TestNG.TestngInvocationCount" name="testcase1" time="0.006"/>
  <system-out/>
  <testcase classname="TestNG.TestngInvocationCount" name="testcase1" time="0.010"/>
  <system-out/>
  <testcase classname="TestNG.TestngInvocationCount" name="testcase2" time="0.003"/>
  <system-out/>
  <testcase classname="TestNG.TestngInvocationCount" name="testcase1" time="0.002"/>
  <system-out/>
  <testcase classname="TestNG.TestngInvocationCount" name="testcase2" time="0.004"/>
  <system-out/>
  <testcase classname="TestNG.TestngInvocationCount" name="testcase2" time="0.012"/>
  <system-out/>
</testsuite> <!-- TestNG.TestngInvocationCount -->
